<?xml version="1.0" encoding="UTF-8"?>
<testsuite name="MainTest" tests="4" skipped="0" failures="0" errors="0" timestamp="2014-05-23T06:53:18" hostname="Koi-NB" time="0.211">
  <properties/>
  <testcase name="get" classname="MainTest" time="0.003"/>
  <testcase name="test" classname="MainTest" time="0.208"/>
  <testcase name="set_nonce" classname="MainTest" time="0.0"/>
  <testcase name="set_timestamp" classname="MainTest" time="0.0"/>
  <system-out><![CDATA[https://emma.pixnet.cc/oauth/authorize?oauth_token=9c5b7e5b3f6dcfc9dd400f724ea4e51a
p5shfpd16wmz21o6v9
1400827998
]]></system-out>
  <system-err><![CDATA[]]></system-err>
</testsuite>
