<?xml version="1.0" encoding="UTF-8"?>
<testsuite name="MainTest" tests="4" skipped="0" failures="0" errors="0" timestamp="2014-05-23T07:37:02" hostname="Koi-NB" time="0.25">
  <properties/>
  <testcase name="get" classname="MainTest" time="0.003"/>
  <testcase name="test" classname="MainTest" time="0.245"/>
  <testcase name="set_nonce" classname="MainTest" time="0.0"/>
  <testcase name="set_timestamp" classname="MainTest" time="0.0"/>
  <system-out><![CDATA[https://emma.pixnet.cc/oauth/authorize?oauth_token=8d2a3e965cca09add22be96162be605c
96jl9bjxrbu66j8bsd
1400830622
]]></system-out>
  <system-err><![CDATA[]]></system-err>
</testsuite>
