<?xml version="1.0" encoding="UTF-8"?>
<testsuite name="com.example.MainTest" tests="4" skipped="0" failures="0" errors="0" timestamp="2014-05-16T08:05:39" hostname="Koi-NB" time="0.457">
  <properties/>
  <testcase name="get" classname="com.example.MainTest" time="0.003"/>
  <testcase name="test" classname="com.example.MainTest" time="0.453"/>
  <testcase name="set_nonce" classname="com.example.MainTest" time="0.0"/>
  <testcase name="set_timestamp" classname="com.example.MainTest" time="0.0"/>
  <system-out><![CDATA[https://emma.pixnet.cc/oauth/authorize?oauth_token=fa4dfdaf2486eebf920ff5b7cadaa225
8vojc1w434sjvsvpa5
1400227540
]]></system-out>
  <system-err><![CDATA[]]></system-err>
</testsuite>
