<?xml version="1.0" encoding="UTF-8"?>
<testsuite name="com.example.MainTest" tests="4" skipped="0" failures="0" errors="0" timestamp="2014-05-16T06:28:51" hostname="Koi-NB" time="0.215">
  <properties/>
  <testcase name="get" classname="com.example.MainTest" time="0.003"/>
  <testcase name="test" classname="com.example.MainTest" time="0.211"/>
  <testcase name="set_nonce" classname="com.example.MainTest" time="0.001"/>
  <testcase name="set_timestamp" classname="com.example.MainTest" time="0.0"/>
  <system-out><![CDATA[https://emma.pixnet.cc/oauth/authorize?oauth_token=57707eca0fa616771bb93c0df27c8441
bpdypoar4hfbuby4c7
1400221731
]]></system-out>
  <system-err><![CDATA[]]></system-err>
</testsuite>
