<?xml version="1.0" encoding="UTF-8"?>
<testsuite name="com.example.MainTest" tests="4" skipped="0" failures="0" errors="0" timestamp="2014-05-16T10:16:09" hostname="Koi-NB" time="0.205">
  <properties/>
  <testcase name="get" classname="com.example.MainTest" time="0.003"/>
  <testcase name="test" classname="com.example.MainTest" time="0.201"/>
  <testcase name="set_nonce" classname="com.example.MainTest" time="0.0"/>
  <testcase name="set_timestamp" classname="com.example.MainTest" time="0.001"/>
  <system-out><![CDATA[https://emma.pixnet.cc/oauth/authorize?oauth_token=4ba5d9c1a41fbc41228ec851cb774331
pejk11ya17kfuvw9xk
1400235369
]]></system-out>
  <system-err><![CDATA[]]></system-err>
</testsuite>
