<?xml version="1.0" encoding="UTF-8"?>
<testsuite name="com.example.MainTest" tests="4" skipped="0" failures="0" errors="0" timestamp="2014-05-16T05:41:59" hostname="Koi-NB" time="0.32">
  <properties/>
  <testcase name="get" classname="com.example.MainTest" time="0.003"/>
  <testcase name="test" classname="com.example.MainTest" time="0.315"/>
  <testcase name="set_nonce" classname="com.example.MainTest" time="0.0"/>
  <testcase name="set_timestamp" classname="com.example.MainTest" time="0.0"/>
  <system-out><![CDATA[https://emma.pixnet.cc/oauth/authorize?oauth_token=838e7829a79ce85e9687d4ffbd371c9e
1oossik4e49yilct14
1400218919
]]></system-out>
  <system-err><![CDATA[]]></system-err>
</testsuite>
