<?xml version="1.0" encoding="UTF-8"?>
<testsuite name="MainTest" tests="2" skipped="0" failures="0" errors="0" timestamp="2014-05-30T02:32:38" hostname="Koi-NB" time="5.706">
  <properties/>
  <testcase name="post" classname="MainTest" time="3.676"/>
  <testcase name="post2" classname="MainTest" time="2.03"/>
  <system-out><![CDATA[post:String not match
]]></system-out>
  <system-err><![CDATA[]]></system-err>
</testsuite>
