<?xml version="1.0" encoding="UTF-8"?>
<testsuite name="com.example.MainTest" tests="1" skipped="0" failures="0" errors="0" timestamp="2014-05-16T02:57:22" hostname="Koi-NB" time="0.286">
  <properties/>
  <testcase name="test" classname="com.example.MainTest" time="0.286"/>
  <system-out><![CDATA[https://emma.pixnet.cc/oauth/authorize?oauth_token=9e19639073874febb60e4e61c67a6c82
]]></system-out>
  <system-err><![CDATA[]]></system-err>
</testsuite>
